
Running a transacted installation.

Beginning the Install phase of the installation.
Installing service snaplen...
Creating EventLog source snaplen in log Application...

An exception occurred during the Install phase.
System.Security.SecurityException: The source was not found, but some or all event logs could not be searched.  Inaccessible logs: Security.
   at System.Diagnostics.EventLog.FindSourceRegistration(String source, String machineName, Boolean readOnly, Boolean wantToCreate)
   at System.Diagnostics.EventLog.SourceExists(String source, String machineName, Boolean wantToCreate)
   at System.Diagnostics.EventLogInstaller.Install(IDictionary stateSaver)
   at System.Configuration.Install.Installer.Install(IDictionary stateSaver)
   at System.ServiceProcess.ServiceInstaller.Install(IDictionary stateSaver)
   at System.Configuration.Install.Installer.Install(IDictionary stateSaver)
   at System.Configuration.Install.Installer.Install(IDictionary stateSaver)
   at System.Configuration.Install.TransactedInstaller.Install(IDictionary savedState)

The Rollback phase of the installation is beginning.
Restoring event log to previous state for source snaplen.
An exception occurred during the Rollback phase of the System.Diagnostics.EventLogInstaller installer.
System.Security.SecurityException: The source was not found, but some or all event logs could not be searched.  Inaccessible logs: Security.
   at System.Diagnostics.EventLog.FindSourceRegistration(String source, String machineName, Boolean readOnly, Boolean wantToCreate)
   at System.Diagnostics.EventLog.SourceExists(String source, String machineName, Boolean wantToCreate)
   at System.Diagnostics.EventLogInstaller.Rollback(IDictionary savedState)
   at System.Configuration.Install.Installer.Rollback(IDictionary savedState)
An exception occurred during the Rollback phase of the installation. This exception will be ignored and the rollback will continue. However, the machine might not fully revert to its initial state after the rollback is complete.

The Rollback phase completed successfully.

The transacted install has completed.

Running a transacted installation.

Beginning the Install phase of the installation.

An exception occurred during the Install phase.
System.ComponentModel.Win32Exception: Acesso negado
   at System.ServiceProcess.ServiceProcessInstaller.OpenSecurityPolicy()
   at System.ServiceProcess.ServiceProcessInstaller.Install(IDictionary stateSaver)
   at System.Configuration.Install.Installer.Install(IDictionary stateSaver)
   at System.Configuration.Install.Installer.Install(IDictionary stateSaver)
   at System.Configuration.Install.TransactedInstaller.Install(IDictionary savedState)

The Rollback phase of the installation is beginning.
An exception occurred during the Rollback phase of the System.ServiceProcess.ServiceProcessInstaller installer.
System.NullReferenceException: Object reference not set to an instance of an object.
   at System.ServiceProcess.ServiceProcessInstaller.Rollback(IDictionary savedState)
   at System.Configuration.Install.Installer.Rollback(IDictionary savedState)
An exception occurred during the Rollback phase of the installation. This exception will be ignored and the rollback will continue. However, the machine might not fully revert to its initial state after the rollback is complete.

The Rollback phase completed successfully.

The transacted install has completed.

Running a transacted installation.

Beginning the Install phase of the installation.

An exception occurred during the Install phase.
System.ComponentModel.Win32Exception: Acesso negado
   at System.ServiceProcess.ServiceProcessInstaller.OpenSecurityPolicy()
   at System.ServiceProcess.ServiceProcessInstaller.Install(IDictionary stateSaver)
   at System.Configuration.Install.Installer.Install(IDictionary stateSaver)
   at System.Configuration.Install.Installer.Install(IDictionary stateSaver)
   at System.Configuration.Install.TransactedInstaller.Install(IDictionary savedState)

The Rollback phase of the installation is beginning.
An exception occurred during the Rollback phase of the System.ServiceProcess.ServiceProcessInstaller installer.
System.NullReferenceException: Object reference not set to an instance of an object.
   at System.ServiceProcess.ServiceProcessInstaller.Rollback(IDictionary savedState)
   at System.Configuration.Install.Installer.Rollback(IDictionary savedState)
An exception occurred during the Rollback phase of the installation. This exception will be ignored and the rollback will continue. However, the machine might not fully revert to its initial state after the rollback is complete.

The Rollback phase completed successfully.

The transacted install has completed.

Running a transacted installation.

Beginning the Install phase of the installation.

Running a transacted installation.

Beginning the Install phase of the installation.

Running a transacted installation.

Beginning the Install phase of the installation.

An exception occurred during the Install phase.
System.ComponentModel.Win32Exception: Acesso negado
   at System.ServiceProcess.ServiceProcessInstaller.OpenSecurityPolicy()
   at System.ServiceProcess.ServiceProcessInstaller.Install(IDictionary stateSaver)
   at System.Configuration.Install.Installer.Install(IDictionary stateSaver)
   at System.Configuration.Install.Installer.Install(IDictionary stateSaver)
   at System.Configuration.Install.TransactedInstaller.Install(IDictionary savedState)

The Rollback phase of the installation is beginning.
An exception occurred during the Rollback phase of the System.ServiceProcess.ServiceProcessInstaller installer.
System.NullReferenceException: Object reference not set to an instance of an object.
   at System.ServiceProcess.ServiceProcessInstaller.Rollback(IDictionary savedState)
   at System.Configuration.Install.Installer.Rollback(IDictionary savedState)
An exception occurred during the Rollback phase of the installation. This exception will be ignored and the rollback will continue. However, the machine might not fully revert to its initial state after the rollback is complete.

The Rollback phase completed successfully.

The transacted install has completed.

Running a transacted installation.

Beginning the Install phase of the installation.
Installing service snaplen...
Creating EventLog source snaplen in log Application...

An exception occurred during the Install phase.
System.Security.SecurityException: The source was not found, but some or all event logs could not be searched.  Inaccessible logs: Security.
   at System.Diagnostics.EventLog.FindSourceRegistration(String source, String machineName, Boolean readOnly, Boolean wantToCreate)
   at System.Diagnostics.EventLog.SourceExists(String source, String machineName, Boolean wantToCreate)
   at System.Diagnostics.EventLogInstaller.Install(IDictionary stateSaver)
   at System.Configuration.Install.Installer.Install(IDictionary stateSaver)
   at System.ServiceProcess.ServiceInstaller.Install(IDictionary stateSaver)
   at System.Configuration.Install.Installer.Install(IDictionary stateSaver)
   at System.Configuration.Install.Installer.Install(IDictionary stateSaver)
   at System.Configuration.Install.TransactedInstaller.Install(IDictionary savedState)

The Rollback phase of the installation is beginning.
Restoring event log to previous state for source snaplen.
An exception occurred during the Rollback phase of the System.Diagnostics.EventLogInstaller installer.
System.Security.SecurityException: The source was not found, but some or all event logs could not be searched.  Inaccessible logs: Security.
   at System.Diagnostics.EventLog.FindSourceRegistration(String source, String machineName, Boolean readOnly, Boolean wantToCreate)
   at System.Diagnostics.EventLog.SourceExists(String source, String machineName, Boolean wantToCreate)
   at System.Diagnostics.EventLogInstaller.Rollback(IDictionary savedState)
   at System.Configuration.Install.Installer.Rollback(IDictionary savedState)
An exception occurred during the Rollback phase of the installation. This exception will be ignored and the rollback will continue. However, the machine might not fully revert to its initial state after the rollback is complete.

The Rollback phase completed successfully.

The transacted install has completed.

Running a transacted installation.

Beginning the Install phase of the installation.
Installing service snaplen...
Creating EventLog source snaplen in log Application...

An exception occurred during the Install phase.
System.Security.SecurityException: The source was not found, but some or all event logs could not be searched.  Inaccessible logs: Security.
   at System.Diagnostics.EventLog.FindSourceRegistration(String source, String machineName, Boolean readOnly, Boolean wantToCreate)
   at System.Diagnostics.EventLog.SourceExists(String source, String machineName, Boolean wantToCreate)
   at System.Diagnostics.EventLogInstaller.Install(IDictionary stateSaver)
   at System.Configuration.Install.Installer.Install(IDictionary stateSaver)
   at System.ServiceProcess.ServiceInstaller.Install(IDictionary stateSaver)
   at System.Configuration.Install.Installer.Install(IDictionary stateSaver)
   at System.Configuration.Install.Installer.Install(IDictionary stateSaver)
   at System.Configuration.Install.TransactedInstaller.Install(IDictionary savedState)

The Rollback phase of the installation is beginning.
Restoring event log to previous state for source snaplen.
An exception occurred during the Rollback phase of the System.Diagnostics.EventLogInstaller installer.
System.Security.SecurityException: The source was not found, but some or all event logs could not be searched.  Inaccessible logs: Security.
   at System.Diagnostics.EventLog.FindSourceRegistration(String source, String machineName, Boolean readOnly, Boolean wantToCreate)
   at System.Diagnostics.EventLog.SourceExists(String source, String machineName, Boolean wantToCreate)
   at System.Diagnostics.EventLogInstaller.Rollback(IDictionary savedState)
   at System.Configuration.Install.Installer.Rollback(IDictionary savedState)
An exception occurred during the Rollback phase of the installation. This exception will be ignored and the rollback will continue. However, the machine might not fully revert to its initial state after the rollback is complete.

The Rollback phase completed successfully.

The transacted install has completed.

Running a transacted installation.

Beginning the Install phase of the installation.
Installing service snaplen...
Creating EventLog source snaplen in log Application...

An exception occurred during the Install phase.
System.Security.SecurityException: The source was not found, but some or all event logs could not be searched.  Inaccessible logs: Security.
   at System.Diagnostics.EventLog.FindSourceRegistration(String source, String machineName, Boolean readOnly, Boolean wantToCreate)
   at System.Diagnostics.EventLog.SourceExists(String source, String machineName, Boolean wantToCreate)
   at System.Diagnostics.EventLogInstaller.Install(IDictionary stateSaver)
   at System.Configuration.Install.Installer.Install(IDictionary stateSaver)
   at System.ServiceProcess.ServiceInstaller.Install(IDictionary stateSaver)
   at System.Configuration.Install.Installer.Install(IDictionary stateSaver)
   at System.Configuration.Install.Installer.Install(IDictionary stateSaver)
   at System.Configuration.Install.TransactedInstaller.Install(IDictionary savedState)

The Rollback phase of the installation is beginning.
Restoring event log to previous state for source snaplen.
An exception occurred during the Rollback phase of the System.Diagnostics.EventLogInstaller installer.
System.Security.SecurityException: The source was not found, but some or all event logs could not be searched.  Inaccessible logs: Security.
   at System.Diagnostics.EventLog.FindSourceRegistration(String source, String machineName, Boolean readOnly, Boolean wantToCreate)
   at System.Diagnostics.EventLog.SourceExists(String source, String machineName, Boolean wantToCreate)
   at System.Diagnostics.EventLogInstaller.Rollback(IDictionary savedState)
   at System.Configuration.Install.Installer.Rollback(IDictionary savedState)
An exception occurred during the Rollback phase of the installation. This exception will be ignored and the rollback will continue. However, the machine might not fully revert to its initial state after the rollback is complete.

The Rollback phase completed successfully.

The transacted install has completed.

Running a transacted installation.

Beginning the Install phase of the installation.
Installing service snaplen...
Creating EventLog source snaplen in log Application...

An exception occurred during the Install phase.
System.InvalidOperationException: Cannot get service file name.
   at System.ServiceProcess.ServiceInstaller.Install(IDictionary stateSaver)
   at System.Configuration.Install.Installer.Install(IDictionary stateSaver)
   at System.Configuration.Install.Installer.Install(IDictionary stateSaver)
   at System.Configuration.Install.TransactedInstaller.Install(IDictionary savedState)

The Rollback phase of the installation is beginning.
Restoring event log to previous state for source snaplen.

The Rollback phase completed successfully.

The transacted install has completed.

Running a transacted installation.

Beginning the Install phase of the installation.
Installing service snaplen...
Creating EventLog source snaplen in log Application...

An exception occurred during the Install phase.
System.Security.SecurityException: The source was not found, but some or all event logs could not be searched.  Inaccessible logs: Security.
   at System.Diagnostics.EventLog.FindSourceRegistration(String source, String machineName, Boolean readOnly, Boolean wantToCreate)
   at System.Diagnostics.EventLog.SourceExists(String source, String machineName, Boolean wantToCreate)
   at System.Diagnostics.EventLogInstaller.Install(IDictionary stateSaver)
   at System.Configuration.Install.Installer.Install(IDictionary stateSaver)
   at System.ServiceProcess.ServiceInstaller.Install(IDictionary stateSaver)
   at System.Configuration.Install.Installer.Install(IDictionary stateSaver)
   at System.Configuration.Install.Installer.Install(IDictionary stateSaver)
   at System.Configuration.Install.TransactedInstaller.Install(IDictionary savedState)

The Rollback phase of the installation is beginning.
Restoring event log to previous state for source snaplen.
An exception occurred during the Rollback phase of the System.Diagnostics.EventLogInstaller installer.
System.Security.SecurityException: The source was not found, but some or all event logs could not be searched.  Inaccessible logs: Security.
   at System.Diagnostics.EventLog.FindSourceRegistration(String source, String machineName, Boolean readOnly, Boolean wantToCreate)
   at System.Diagnostics.EventLog.SourceExists(String source, String machineName, Boolean wantToCreate)
   at System.Diagnostics.EventLogInstaller.Rollback(IDictionary savedState)
   at System.Configuration.Install.Installer.Rollback(IDictionary savedState)
An exception occurred during the Rollback phase of the installation. This exception will be ignored and the rollback will continue. However, the machine might not fully revert to its initial state after the rollback is complete.

The Rollback phase completed successfully.

The transacted install has completed.

Running a transacted installation.

Beginning the Install phase of the installation.
Installing service snaplen...
Creating EventLog source snaplen in log Application...

An exception occurred during the Install phase.
System.Security.SecurityException: The source was not found, but some or all event logs could not be searched.  Inaccessible logs: Security.
   at System.Diagnostics.EventLog.FindSourceRegistration(String source, String machineName, Boolean readOnly, Boolean wantToCreate)
   at System.Diagnostics.EventLog.SourceExists(String source, String machineName, Boolean wantToCreate)
   at System.Diagnostics.EventLogInstaller.Install(IDictionary stateSaver)
   at System.Configuration.Install.Installer.Install(IDictionary stateSaver)
   at System.ServiceProcess.ServiceInstaller.Install(IDictionary stateSaver)
   at System.Configuration.Install.Installer.Install(IDictionary stateSaver)
   at System.Configuration.Install.Installer.Install(IDictionary stateSaver)
   at System.Configuration.Install.TransactedInstaller.Install(IDictionary savedState)

The Rollback phase of the installation is beginning.
Restoring event log to previous state for source snaplen.
An exception occurred during the Rollback phase of the System.Diagnostics.EventLogInstaller installer.
System.Security.SecurityException: The source was not found, but some or all event logs could not be searched.  Inaccessible logs: Security.
   at System.Diagnostics.EventLog.FindSourceRegistration(String source, String machineName, Boolean readOnly, Boolean wantToCreate)
   at System.Diagnostics.EventLog.SourceExists(String source, String machineName, Boolean wantToCreate)
   at System.Diagnostics.EventLogInstaller.Rollback(IDictionary savedState)
   at System.Configuration.Install.Installer.Rollback(IDictionary savedState)
An exception occurred during the Rollback phase of the installation. This exception will be ignored and the rollback will continue. However, the machine might not fully revert to its initial state after the rollback is complete.

The Rollback phase completed successfully.

The transacted install has completed.

Running a transacted installation.

Beginning the Install phase of the installation.
Installing service snaplen...
Creating EventLog source snaplen in log Application...

An exception occurred during the Install phase.
System.Security.SecurityException: The source was not found, but some or all event logs could not be searched.  Inaccessible logs: Security.
   at System.Diagnostics.EventLog.FindSourceRegistration(String source, String machineName, Boolean readOnly, Boolean wantToCreate)
   at System.Diagnostics.EventLog.SourceExists(String source, String machineName, Boolean wantToCreate)
   at System.Diagnostics.EventLogInstaller.Install(IDictionary stateSaver)
   at System.Configuration.Install.Installer.Install(IDictionary stateSaver)
   at System.ServiceProcess.ServiceInstaller.Install(IDictionary stateSaver)
   at System.Configuration.Install.Installer.Install(IDictionary stateSaver)
   at System.Configuration.Install.Installer.Install(IDictionary stateSaver)
   at System.Configuration.Install.TransactedInstaller.Install(IDictionary savedState)

The Rollback phase of the installation is beginning.
Restoring event log to previous state for source snaplen.
An exception occurred during the Rollback phase of the System.Diagnostics.EventLogInstaller installer.
System.Security.SecurityException: The source was not found, but some or all event logs could not be searched.  Inaccessible logs: Security.
   at System.Diagnostics.EventLog.FindSourceRegistration(String source, String machineName, Boolean readOnly, Boolean wantToCreate)
   at System.Diagnostics.EventLog.SourceExists(String source, String machineName, Boolean wantToCreate)
   at System.Diagnostics.EventLogInstaller.Rollback(IDictionary savedState)
   at System.Configuration.Install.Installer.Rollback(IDictionary savedState)
An exception occurred during the Rollback phase of the installation. This exception will be ignored and the rollback will continue. However, the machine might not fully revert to its initial state after the rollback is complete.

The Rollback phase completed successfully.

The transacted install has completed.

Running a transacted installation.

Beginning the Install phase of the installation.
Installing service snaplen...
Creating EventLog source snaplen in log Application...

An exception occurred during the Install phase.
System.Security.SecurityException: The source was not found, but some or all event logs could not be searched.  Inaccessible logs: Security.
   at System.Diagnostics.EventLog.FindSourceRegistration(String source, String machineName, Boolean readOnly, Boolean wantToCreate)
   at System.Diagnostics.EventLog.SourceExists(String source, String machineName, Boolean wantToCreate)
   at System.Diagnostics.EventLogInstaller.Install(IDictionary stateSaver)
   at System.Configuration.Install.Installer.Install(IDictionary stateSaver)
   at System.ServiceProcess.ServiceInstaller.Install(IDictionary stateSaver)
   at System.Configuration.Install.Installer.Install(IDictionary stateSaver)
   at System.Configuration.Install.Installer.Install(IDictionary stateSaver)
   at System.Configuration.Install.TransactedInstaller.Install(IDictionary savedState)

The Rollback phase of the installation is beginning.
Restoring event log to previous state for source snaplen.
An exception occurred during the Rollback phase of the System.Diagnostics.EventLogInstaller installer.
System.Security.SecurityException: The source was not found, but some or all event logs could not be searched.  Inaccessible logs: Security.
   at System.Diagnostics.EventLog.FindSourceRegistration(String source, String machineName, Boolean readOnly, Boolean wantToCreate)
   at System.Diagnostics.EventLog.SourceExists(String source, String machineName, Boolean wantToCreate)
   at System.Diagnostics.EventLogInstaller.Rollback(IDictionary savedState)
   at System.Configuration.Install.Installer.Rollback(IDictionary savedState)
An exception occurred during the Rollback phase of the installation. This exception will be ignored and the rollback will continue. However, the machine might not fully revert to its initial state after the rollback is complete.

The Rollback phase completed successfully.

The transacted install has completed.

Running a transacted installation.

Beginning the Install phase of the installation.
Installing service snaplen...
Creating EventLog source snaplen in log Application...

An exception occurred during the Install phase.
System.Security.SecurityException: The source was not found, but some or all event logs could not be searched.  Inaccessible logs: Security.
   at System.Diagnostics.EventLog.FindSourceRegistration(String source, String machineName, Boolean readOnly, Boolean wantToCreate)
   at System.Diagnostics.EventLog.SourceExists(String source, String machineName, Boolean wantToCreate)
   at System.Diagnostics.EventLogInstaller.Install(IDictionary stateSaver)
   at System.Configuration.Install.Installer.Install(IDictionary stateSaver)
   at System.ServiceProcess.ServiceInstaller.Install(IDictionary stateSaver)
   at System.Configuration.Install.Installer.Install(IDictionary stateSaver)
   at System.Configuration.Install.Installer.Install(IDictionary stateSaver)
   at System.Configuration.Install.TransactedInstaller.Install(IDictionary savedState)

The Rollback phase of the installation is beginning.
Restoring event log to previous state for source snaplen.
An exception occurred during the Rollback phase of the System.Diagnostics.EventLogInstaller installer.
System.Security.SecurityException: The source was not found, but some or all event logs could not be searched.  Inaccessible logs: Security.
   at System.Diagnostics.EventLog.FindSourceRegistration(String source, String machineName, Boolean readOnly, Boolean wantToCreate)
   at System.Diagnostics.EventLog.SourceExists(String source, String machineName, Boolean wantToCreate)
   at System.Diagnostics.EventLogInstaller.Rollback(IDictionary savedState)
   at System.Configuration.Install.Installer.Rollback(IDictionary savedState)
An exception occurred during the Rollback phase of the installation. This exception will be ignored and the rollback will continue. However, the machine might not fully revert to its initial state after the rollback is complete.

The Rollback phase completed successfully.

The transacted install has completed.

Running a transacted installation.

Beginning the Install phase of the installation.
Installing service snaplen...
Creating EventLog source snaplen in log Application...

An exception occurred during the Install phase.
System.Security.SecurityException: The source was not found, but some or all event logs could not be searched.  Inaccessible logs: Security.
   at System.Diagnostics.EventLog.FindSourceRegistration(String source, String machineName, Boolean readOnly, Boolean wantToCreate)
   at System.Diagnostics.EventLog.SourceExists(String source, String machineName, Boolean wantToCreate)
   at System.Diagnostics.EventLogInstaller.Install(IDictionary stateSaver)
   at System.Configuration.Install.Installer.Install(IDictionary stateSaver)
   at System.ServiceProcess.ServiceInstaller.Install(IDictionary stateSaver)
   at System.Configuration.Install.Installer.Install(IDictionary stateSaver)
   at System.Configuration.Install.Installer.Install(IDictionary stateSaver)
   at System.Configuration.Install.TransactedInstaller.Install(IDictionary savedState)

The Rollback phase of the installation is beginning.
Restoring event log to previous state for source snaplen.
An exception occurred during the Rollback phase of the System.Diagnostics.EventLogInstaller installer.
System.Security.SecurityException: The source was not found, but some or all event logs could not be searched.  Inaccessible logs: Security.
   at System.Diagnostics.EventLog.FindSourceRegistration(String source, String machineName, Boolean readOnly, Boolean wantToCreate)
   at System.Diagnostics.EventLog.SourceExists(String source, String machineName, Boolean wantToCreate)
   at System.Diagnostics.EventLogInstaller.Rollback(IDictionary savedState)
   at System.Configuration.Install.Installer.Rollback(IDictionary savedState)
An exception occurred during the Rollback phase of the installation. This exception will be ignored and the rollback will continue. However, the machine might not fully revert to its initial state after the rollback is complete.

The Rollback phase completed successfully.

The transacted install has completed.

Running a transacted installation.

Beginning the Install phase of the installation.
Installing service snaplen...
Creating EventLog source snaplen in log Application...

An exception occurred during the Install phase.
System.InvalidOperationException: Cannot get service file name.
   at System.ServiceProcess.ServiceInstaller.Install(IDictionary stateSaver)
   at System.Configuration.Install.Installer.Install(IDictionary stateSaver)
   at System.Configuration.Install.Installer.Install(IDictionary stateSaver)
   at System.Configuration.Install.TransactedInstaller.Install(IDictionary savedState)

The Rollback phase of the installation is beginning.
Restoring event log to previous state for source snaplen.

The Rollback phase completed successfully.

The transacted install has completed.
